
Processing chi2_lambda_stack_mumumu.C++(40, 1, 0, 0, 0)...
Info in <TUnixSystem::ACLiC>: creating shared library /home/jskim/Documents/CMS/trilepton/mumumu/./chi2_lambda_stack_mumumu_C.so

 *** Break *** keyboard interrupt

Processing chi2_lambda_stack_mumumu.C++(50, 1, 1, 4, 0)...
Info in <TUnixSystem::ACLiC>: creating shared library /home/jskim/Documents/CMS/trilepton/mumumu/./chi2_lambda_stack_mumumu_C.so

Processing chi2_lambda_stack_mumumu.C++(40, 1, 0, 0, 0)...

Processing chi2_lambda_stack_mumumu.C++(60, 1, 0, 2, 0)...

Processing chi2_lambda_stack_mumumu.C++(50, 1, 0, 2, 0)...

Processing chi2_lambda_stack_mumumu.C++(50, 1, 1, 3, 0)...

Processing chi2_lambda_stack_mumumu.C++(60, 1, 1, 3, 0)...
Info in <TUnixSystem::ACLiC>: creating shared library /home/jskim/Documents/CMS/trilepton/mumumu/./chi2_lambda_stack_mumumu_C.so

Processing chi2_lambda_stack_mumumu.C++(50, 1, 0, 1, 0)...
Info in <TUnixSystem::ACLiC>: creating shared library /home/jskim/Documents/CMS/trilepton/mumumu/./chi2_lambda_stack_mumumu_C.so
Info in <TUnixSystem::ACLiC>: creating shared library /home/jskim/Documents/CMS/trilepton/mumumu/./chi2_lambda_stack_mumumu_C.so

Processing chi2_lambda_stack_mumumu.C++(40, 1, 0, 2, 0)...

Processing chi2_lambda_stack_mumumu.C++(60, 1, 1, 4, 0)...
Info in <TUnixSystem::ACLiC>: creating shared library /home/jskim/Documents/CMS/trilepton/mumumu/./chi2_lambda_stack_mumumu_C.so

Processing chi2_lambda_stack_mumumu.C++(40, 1, 1, 4, 0)...

Processing chi2_lambda_stack_mumumu.C++(40, 1, 0, 1, 0)...

Processing chi2_lambda_stack_mumumu.C++(60, 1, 0, 1, 0)...

Processing chi2_lambda_stack_mumumu.C++(60, 1, 0, 0, 0)...
Info in <TUnixSystem::ACLiC>: creating shared library /home/jskim/Documents/CMS/trilepton/mumumu/./chi2_lambda_stack_mumumu_C.so

Processing chi2_lambda_stack_mumumu.C++(40, 1, 1, 3, 0)...
Info in <TUnixSystem::ACLiC>: creating shared library /home/jskim/Documents/CMS/trilepton/mumumu/./chi2_lambda_stack_mumumu_C.so
Info in <TUnixSystem::ACLiC>: creating shared library /home/jskim/Documents/CMS/trilepton/mumumu/./chi2_lambda_stack_mumumu_C.so
Info in <TUnixSystem::ACLiC>: creating shared library /home/jskim/Documents/CMS/trilepton/mumumu/./chi2_lambda_stack_mumumu_C.so
Info in <TUnixSystem::ACLiC>: creating shared library /home/jskim/Documents/CMS/trilepton/mumumu/./chi2_lambda_stack_mumumu_C.so
Info in <TUnixSystem::ACLiC>: creating shared library /home/jskim/Documents/CMS/trilepton/mumumu/./chi2_lambda_stack_mumumu_C.so
Info in <TUnixSystem::ACLiC>: creating shared library /home/jskim/Documents/CMS/trilepton/mumumu/./chi2_lambda_stack_mumumu_C.so
Info in <TUnixSystem::ACLiC>: creating shared library /home/jskim/Documents/CMS/trilepton/mumumu/./chi2_lambda_stack_mumumu_C.so
Info in <TUnixSystem::ACLiC>: creating shared library /home/jskim/Documents/CMS/trilepton/mumumu/./chi2_lambda_stack_mumumu_C.so

Processing chi2_lambda_stack_mumumu.C++(50, 1, 0, 0, 0)...
Info in <TUnixSystem::ACLiC>: creating shared library /home/jskim/Documents/CMS/trilepton/mumumu/./chi2_lambda_stack_mumumu_C.so
Error in <ACLiC>: Dictionary generation failed!
chi2_lambda_stack_mumumu_C_ACLiC_dict.cxx.h:2:10: fatal error: '/home/jskim/Documents/CMS/trilepton/mumumu/chi2_lambda_stack_mumumu_C_ACLiC_linkdef.h' file not found
#include "/home/jskim/Documents/CMS/trilepton/mumumu/chi2_lambda_stack_mumumu_C_ACLiC_linkdef.h"
         ^
c++: error: /home/jskim/Documents/CMS/trilepton/mumumu/chi2_lambda_stack_mumumu_C_ACLiC_dict.cxx: No such file or directory
c++: fatal error: no input files
compilation terminated.
c++: error: /home/jskim/Documents/CMS/trilepton/mumumu/chi2_lambda_stack_mumumu_C_ACLiC_dict.o: No such file or directory
Error in <ACLiC>: Compilation failed!
Error in <ACLiC>: Dictionary generation failed!
Error in <ACLiC>: Dictionary generation failed!
Error in <ACLiC>: Dictionary generation failed!
Error in <ACLiC>: Dictionary generation failed!
Error in <ACLiC>: Dictionary generation failed!
Error in <ACLiC>: Dictionary generation failed!
Error in <ACLiC>: Dictionary generation failed!
Error in <ACLiC>: Dictionary generation failed!
Error in <ACLiC>: Dictionary generation failed!
Error in <ACLiC>: Dictionary generation failed!
Error in <ACLiC>: Dictionary generation failed!
Error in <ACLiC>: Dictionary generation failed!
Error in <ACLiC>: Dictionary generation failed!
